[db2inst1@server1 ~]$ pwd
/home/db2inst1
[db2inst1@server1 ~]$ /home/db2inst1/sqllib/adm/db2cm -create -cluster -domain hadom -host server1 -publicEthernet ens33 -host server2 -publicEthernet ens33
db2cm script must run as root
[db2inst1@server1 ~]$ 
[db2inst1@server1 ~]$ logout
[root@server1 ~]# cd /home/db2inst1/
[root@server1 db2inst1]# 
[root@server1 db2inst1]# 
[root@server1 db2inst1]# /home/db2inst1/sqllib/adm/db2cm -create -cluster -domain hadom -host server1 -publicEthernet ens33 -host server2 -publicEthernet ens33
Created db2_server1_ens33 resource.
Created db2_server2_ens33 resource.
Cluster created successfully.
[root@server1 db2inst1]# 
[root@server1 db2inst1]# 
[root@server1 db2inst1]# 
[root@server1 db2inst1]# /home/db2inst1/sqllib/adm/db2cm -create -instance db2inst1 -host server1
Created db2_server1_db2inst1_0 resource.
Instance resource for db2inst1 on server1 created successfully.
[root@server1 db2inst1]# /home/db2inst1/sqllib/adm/db2cm -create -instance db2inst1 -host server2
Created db2_server2_db2inst1_0 resource.
Instance resource for db2inst1 on server2 created successfully.
[root@server1 db2inst1]# 
[root@server1 db2inst1]# 
[root@server1 db2inst1]# 
[root@server1 db2inst1]# crm status
Cluster Summary:
  * Stack: corosync
  * Current DC: server1 (version 2.0.4-1.db2pcmk.el8-2deceaa3ae) - partition with quorum
  * Last updated: Fri Apr 16 06:21:41 2021
  * Last change:  Fri Apr 16 06:21:26 2021 by root via cibadmin on server1
  * 2 nodes configured
  * 4 resource instances configured

Node List:
  * Online: [ server1 server2 ]

Full List of Resources:
  * db2_server1_ens33	(ocf::heartbeat:db2ethmon):	 Started server1
  * db2_server2_ens33	(ocf::heartbeat:db2ethmon):	 Started server2
  * db2_server1_db2inst1_0	(ocf::heartbeat:db2inst):	 Started server1
  * db2_server2_db2inst1_0	(ocf::heartbeat:db2inst):	 Started server2

[root@server1 db2inst1]# 
[root@server1 db2inst1]# 
[root@server1 db2inst1]# 
[root@server1 db2inst1]# /home/db2inst1/sqllib/adm/db2cm -create -db SAMPLE -instance db2inst1
Database resource for SAMPLE created successfully.
[root@server1 db2inst1]# 
[root@server1 db2inst1]# 
[root@server1 db2inst1]# 
[root@server1 db2inst1]# crm status
Cluster Summary:
  * Stack: corosync
  * Current DC: server1 (version 2.0.4-1.db2pcmk.el8-2deceaa3ae) - partition with quorum
  * Last updated: Fri Apr 16 06:22:59 2021
  * Last change:  Fri Apr 16 06:22:51 2021 by root via cibadmin on server1
  * 2 nodes configured
  * 6 resource instances configured

Node List:
  * Online: [ server1 server2 ]

Full List of Resources:
  * db2_server1_ens33	(ocf::heartbeat:db2ethmon):	 Started server1
  * db2_server2_ens33	(ocf::heartbeat:db2ethmon):	 Started server2
  * db2_server1_db2inst1_0	(ocf::heartbeat:db2inst):	 Started server1
  * db2_server2_db2inst1_0	(ocf::heartbeat:db2inst):	 Started server2
  * Clone Set: db2_db2inst1_db2inst1_SAMPLE-clone [db2_db2inst1_db2inst1_SAMPLE] (promotable):
    * Masters: [ server1 ]
    * Slaves: [ server2 ]

[root@server1 db2inst1]# 
[root@server1 db2inst1]# 
[root@server1 db2inst1]# 
[root@server1 db2inst1]# crm config show
[root@server1 db2inst1]# 